<?xml version="1.0" encoding="UTF-8"?>
<!-- Generated by org.testng.reporters.JUnitReportReporter -->
<testsuite skipped="0" hostname="Davids-MBP.home" name="UITests.TestMetropolis" tests="1" failures="0" timestamp="16 Sep 2018 07:58:27 GMT" time="6.992" errors="0">
  <testcase name="AssertItemInCart" time="6.992" classname="UITests.TestMetropolis"/>
</testsuite> <!-- UITests.TestMetropolis -->
