<?xml version="1.0" encoding="UTF-8"?>
<!-- Generated by org.testng.reporters.JUnitReportReporter -->
<testsuite skipped="0" hostname="Davids-MBP.home" name="ApiTests.TestVimeoCategoryApi" tests="2" failures="0" timestamp="16 Sep 2018 07:58:27 GMT" time="3.998" errors="0">
  <testcase name="testLogInValue" time="1.412" classname="ApiTests.TestVimeoCategoryApi"/>
  <testcase name="testJsonStructure" time="2.586" classname="ApiTests.TestVimeoCategoryApi"/>
</testsuite> <!-- ApiTests.TestVimeoCategoryApi -->
